Line 237: Class Crystal.CrystalReport of control CrystalReport1 was not a loaded control class.
Line 240: The property name _extentx in CrystalReport1 is invalid.
Line 241: The property name _extenty in CrystalReport1 is invalid.
Line 242: The property name _stockprops in CrystalReport1 is invalid.
Line 243: The property name reportfilename in CrystalReport1 is invalid.
Line 244: The property name destination in CrystalReport1 is invalid.
Line 245: The property name windowleft in CrystalReport1 is invalid.
Line 246: The property name windowtop in CrystalReport1 is invalid.
Line 247: The property name windowwidth in CrystalReport1 is invalid.
Line 248: The property name windowheight in CrystalReport1 is invalid.
Line 249: The property name windowtitle in CrystalReport1 is invalid.
Line 250: The property name windowborderstyle in CrystalReport1 is invalid.
Line 251: The property name windowcontrolbox in CrystalReport1 is invalid.
Line 252: The property name windowmaxbutton in CrystalReport1 is invalid.
Line 253: The property name windowminbutton in CrystalReport1 is invalid.
Line 254: The property name copiestoprinter in CrystalReport1 is invalid.
Line 255: The property name printfilename in CrystalReport1 is invalid.
Line 256: The property name printfiletype in CrystalReport1 is invalid.
Line 257: The property name selectionformula in CrystalReport1 is invalid.
Line 258: The property name groupselectionformula in CrystalReport1 is invalid.
Line 259: The property name connect in CrystalReport1 is invalid.
Line 260: The property name username in CrystalReport1 is invalid.
Line 261: The property name reportsource in CrystalReport1 is invalid.
Line 262: The property name boundreportheading in CrystalReport1 is invalid.
Line 263: The property name boundreportfooter in CrystalReport1 is invalid.
