Line 152: Class MSComDlg.CommonDialog of control CommonDialog1 was not a loaded control class.
Line 179: Class MSComDlg.CommonDialog of control CommonDialog1 was not a loaded control class.
Line 197: Class MSComDlg.CommonDialog of control CommonDialog1 was not a loaded control class.
Line 215: Class MSComDlg.CommonDialog of control CommonDialog1 was not a loaded control class.
Line 224: Class MSComDlg.CommonDialog of control CommonDialog1 was not a loaded control class.
Line 242: Class MSComDlg.CommonDialog of control CommonDialog1 was not a loaded control class.
Line 260: Class MSComDlg.CommonDialog of control CommonDialog1 was not a loaded control class.
Line 278: Class MSComDlg.CommonDialog of control CommonDialog1 was not a loaded control class.
Line 296: Class MSComDlg.CommonDialog of control CommonDialog1 was not a loaded control class.
Line 323: Class MSComDlg.CommonDialog of control CommonDialog1 was not a loaded control class.
Line 156: The property name _version in CommonDialog1 is invalid.
Line 157: The property name _extentx in CommonDialog1 is invalid.
Line 158: The property name _extenty in CommonDialog1 is invalid.
Line 159: The property name _stockprops in CommonDialog1 is invalid.
Line 183: The property name _version in CommonDialog1 is invalid.
Line 184: The property name _extentx in CommonDialog1 is invalid.
Line 185: The property name _extenty in CommonDialog1 is invalid.
Line 186: The property name _stockprops in CommonDialog1 is invalid.
Line 201: The property name _version in CommonDialog1 is invalid.
Line 202: The property name _extentx in CommonDialog1 is invalid.
Line 203: The property name _extenty in CommonDialog1 is invalid.
Line 204: The property name _stockprops in CommonDialog1 is invalid.
Line 219: The property name _version in CommonDialog1 is invalid.
Line 220: The property name _extentx in CommonDialog1 is invalid.
Line 221: The property name _extenty in CommonDialog1 is invalid.
Line 222: The property name _stockprops in CommonDialog1 is invalid.
Line 228: The property name _version in CommonDialog1 is invalid.
Line 229: The property name _extentx in CommonDialog1 is invalid.
Line 230: The property name _extenty in CommonDialog1 is invalid.
Line 231: The property name _stockprops in CommonDialog1 is invalid.
Line 246: The property name _version in CommonDialog1 is invalid.
Line 247: The property name _extentx in CommonDialog1 is invalid.
Line 248: The property name _extenty in CommonDialog1 is invalid.
Line 249: The property name _stockprops in CommonDialog1 is invalid.
Line 264: The property name _version in CommonDialog1 is invalid.
Line 265: The property name _extentx in CommonDialog1 is invalid.
Line 266: The property name _extenty in CommonDialog1 is invalid.
Line 267: The property name _stockprops in CommonDialog1 is invalid.
Line 282: The property name _version in CommonDialog1 is invalid.
Line 283: The property name _extentx in CommonDialog1 is invalid.
Line 284: The property name _extenty in CommonDialog1 is invalid.
Line 285: The property name _stockprops in CommonDialog1 is invalid.
Line 300: The property name _version in CommonDialog1 is invalid.
Line 301: The property name _extentx in CommonDialog1 is invalid.
Line 302: The property name _extenty in CommonDialog1 is invalid.
Line 303: The property name _stockprops in CommonDialog1 is invalid.
Line 327: The property name _version in CommonDialog1 is invalid.
Line 328: The property name _extentx in CommonDialog1 is invalid.
Line 329: The property name _extenty in CommonDialog1 is invalid.
Line 330: The property name _stockprops in CommonDialog1 is invalid.
