Line 98: Class MSCommLib.MSComm of control MSComm1 was not a loaded control class.
Line 158: Class MSDBGrid.DBGrid of control DBGrid1 was not a loaded control class.
Line 101: The property name _version in MSComm1 is invalid.
Line 102: The property name _extentx in MSComm1 is invalid.
Line 103: The property name _extenty in MSComm1 is invalid.
Line 104: The property name _stockprops in MSComm1 is invalid.
Line 105: The property name cdtimeout in MSComm1 is invalid.
Line 106: The property name commport in MSComm1 is invalid.
Line 107: The property name ctstimeout in MSComm1 is invalid.
Line 108: The property name dsrtimeout in MSComm1 is invalid.
Line 109: The property name dtrenable in MSComm1 is invalid.
Line 110: The property name handshaking in MSComm1 is invalid.
Line 111: The property name inbuffersize in MSComm1 is invalid.
Line 112: The property name inputlen in MSComm1 is invalid.
Line 113: The property name interval in MSComm1 is invalid.
Line 114: The property name nulldiscard in MSComm1 is invalid.
Line 115: The property name outbuffersize in MSComm1 is invalid.
Line 116: The property name parityreplace in MSComm1 is invalid.
Line 117: The property name rthreshold in MSComm1 is invalid.
Line 118: The property name rtsenable in MSComm1 is invalid.
Line 119: The property name settings in MSComm1 is invalid.
Line 120: The property name sthreshold in MSComm1 is invalid.
Line 159: The property name Bindings in DBGrid1 is invalid.
Line 162: The property name OleObjectBlob in DBGrid1 is invalid.
