Line 146: Class GraphLib.Graph of control G was not a loaded control class.
Line 152: The property name _version in G is invalid.
Line 153: The property name _extentx in G is invalid.
Line 154: The property name _extenty in G is invalid.
Line 155: The property name _stockprops in G is invalid.
Line 157: The property name background in G is invalid.
Line 158: The property name bottomtitle in G is invalid.
Line 159: The property name foreground in G is invalid.
Line 160: The property name graphtype in G is invalid.
Line 161: The property name indexstyle in G is invalid.
Line 162: The property name legendstyle in G is invalid.
Line 163: The property name palette in G is invalid.
Line 164: The property name printstyle in G is invalid.
Line 165: The property name randomdata in G is invalid.
Line 166: The property name colordata in G is invalid.
Line 167: The property name extradata in G is invalid.
Line 168: The property name extradata[] in G is invalid.
Line 169: The property name fontfamily in G is invalid.
Line 171: The property name fontsize[0] in G is invalid.
Line 172: The property name fontsize[1] in G is invalid.
Line 173: The property name fontsize[2] in G is invalid.
Line 174: The property name fontsize[3] in G is invalid.
Line 175: The property name fontstyle in G is invalid.
Line 176: The property name graphdata in G is invalid.
Line 177: The property name graphdata[] in G is invalid.
Line 178: The property name labeltext in G is invalid.
Line 179: The property name legendtext in G is invalid.
Line 180: The property name patterndata in G is invalid.
Line 181: The property name symboldata in G is invalid.
Line 182: The property name xposdata in G is invalid.
Line 183: The property name xposdata[] in G is invalid.
