Line 189: Class MSCommLib.MSComm of control MSComm1 was not a loaded control class.
Line 192: The property name _version in MSComm1 is invalid.
Line 193: The property name _extentx in MSComm1 is invalid.
Line 194: The property name _extenty in MSComm1 is invalid.
Line 195: The property name _stockprops in MSComm1 is invalid.
Line 196: The property name cdtimeout in MSComm1 is invalid.
Line 197: The property name commport in MSComm1 is invalid.
Line 198: The property name ctstimeout in MSComm1 is invalid.
Line 199: The property name dsrtimeout in MSComm1 is invalid.
Line 200: The property name dtrenable in MSComm1 is invalid.
Line 201: The property name handshaking in MSComm1 is invalid.
Line 202: The property name inbuffersize in MSComm1 is invalid.
Line 203: The property name inputlen in MSComm1 is invalid.
Line 204: The property name interval in MSComm1 is invalid.
Line 205: The property name nulldiscard in MSComm1 is invalid.
Line 206: The property name outbuffersize in MSComm1 is invalid.
Line 207: The property name parityreplace in MSComm1 is invalid.
Line 208: The property name rthreshold in MSComm1 is invalid.
Line 209: The property name rtsenable in MSComm1 is invalid.
Line 210: The property name settings in MSComm1 is invalid.
Line 211: The property name sthreshold in MSComm1 is invalid.
